19:15:37 [32minfo[39m: information log
19:15:37 [33mwarn[39m: warning log
19:15:37 [31merror[39m: error log
19:15:37 [34mdebug[39m: debug log
{"message":"information log","level":"info","service":"user-service","timestamp":"2021-07-13T13:50:12.857Z"}
{"message":"warning log","level":"warn","service":"user-service","timestamp":"2021-07-13T13:50:12.858Z"}
{"message":"error log","level":"error","service":"user-service","timestamp":"2021-07-13T13:50:12.858Z"}
{"message":"debug log","level":"debug","service":"user-service","timestamp":"2021-07-13T13:50:12.858Z"}
{"message":"information log","level":"info","service":"user-service","timestamp":"2024-04-26T06:38:52.160Z"}
{"message":"warning log","level":"warn","service":"user-service","timestamp":"2024-04-26T06:38:52.164Z"}
{"message":"error log","level":"error","service":"user-service","timestamp":"2024-04-26T06:38:52.165Z"}
{"message":"debug log","level":"debug","service":"user-service","timestamp":"2024-04-26T06:38:52.165Z"}
{"message":"information log","level":"info","service":"user-service","timestamp":"2024-04-26T06:55:10.611Z"}
{"message":"warning log","level":"warn","service":"user-service","timestamp":"2024-04-26T06:55:10.612Z"}
{"message":"error log","level":"error","service":"user-service","timestamp":"2024-04-26T06:55:10.613Z"}
{"message":"debug log","level":"debug","service":"user-service","timestamp":"2024-04-26T06:55:10.613Z"}
{"message":"information log","level":"info","service":"user-service","timestamp":"2024-04-26T06:57:20.354Z"}
{"message":"warning log","level":"warn","service":"user-service","timestamp":"2024-04-26T06:57:20.356Z"}
{"message":"error log","level":"error","service":"user-service","timestamp":"2024-04-26T06:57:20.357Z"}
{"message":"debug log","level":"debug","service":"user-service","timestamp":"2024-04-26T06:57:20.357Z"}
{"message":"information log","level":"info","service":"user-service","timestamp":"2024-04-26T07:47:24.025Z"}
{"message":"warning log","level":"warn","service":"user-service","timestamp":"2024-04-26T07:47:24.028Z"}
{"message":"error log","level":"error","service":"user-service","timestamp":"2024-04-26T07:47:24.029Z"}
{"message":"debug log","level":"debug","service":"user-service","timestamp":"2024-04-26T07:47:24.029Z"}
